<?xml version="1.0" encoding="UTF-8"?>
<!-- Generated by org.testng.reporters.JUnitXMLReporter -->
<testsuite ignored="0" hostname="RABIUL" failures="0" tests="3" name="Test execution" time="2.834" errors="0" timestamp="2024-05-15T19:13:02 IST">
  <testcase classname="RabiulUzzaman1.restassuredone.restAssuredTest" name="getUser" time="2.577"/>
  <testcase classname="RabiulUzzaman1.restassuredone.restAssuredTest" name="listUsers" time="2.578"/>
  <testcase classname="RabiulUzzaman1.restassuredone.restAssuredTest" name="createUser" time="2.791"/>
</testsuite> <!-- Test execution -->
