<?xml version="1.0" encoding="UTF-8"?>
<testng-results ignored="0" total="1" passed="1" failed="0" skipped="0">
  <reporter-output>
  </reporter-output>
  <suite started-at="2024-05-28T09:44:01 IST" name="Default suite" finished-at="2024-05-28T09:44:05 IST" duration-ms="3975">
    <groups>
    </groups>
    <test started-at="2024-05-28T09:44:01 IST" name="Default test" finished-at="2024-05-28T09:44:05 IST" duration-ms="3975">
      <class name="herokuapp.CreateBookingWithPogo">
        <test-method is-config="true" signature="setup()[pri:0, instance:herokuapp.CreateBookingWithPogo@d86a6f]" started-at="2024-05-28T09:44:01 IST" name="setup" finished-at="2024-05-28T09:44:01 IST" duration-ms="316" status="PASS">
          <reporter-output>
          </reporter-output>
        </test-method> <!-- setup -->
        <test-method signature="createBookingWithPOJOTest()[pri:0, instance:herokuapp.CreateBookingWithPogo@d86a6f]" started-at="2024-05-28T09:44:01 IST" name="createBookingWithPOJOTest" finished-at="2024-05-28T09:44:05 IST" duration-ms="3615" status="PASS">
          <reporter-output>
          </reporter-output>
        </test-method> <!-- createBookingWithPOJOTest -->
      </class> <!-- herokuapp.CreateBookingWithPogo -->
    </test> <!-- Default test -->
  </suite> <!-- Default suite -->
</testng-results>
