<?xml version="1.0" encoding="UTF-8"?>
<testng-results ignored="0" total="1" passed="1" failed="0" skipped="0">
  <reporter-output>
  </reporter-output>
  <suite started-at="2024-04-20T23:30:22 IST" name="Default suite" finished-at="2024-04-20T23:30:24 IST" duration-ms="1897">
    <groups>
    </groups>
    <test started-at="2024-04-20T23:30:22 IST" name="Default test" finished-at="2024-04-20T23:30:24 IST" duration-ms="1897">
      <class name="RabiulUzzaman1.restassuredone.basicAuth">
        <test-method signature="authTest()[pri:0, instance:RabiulUzzaman1.restassuredone.basicAuth@6221a451]" started-at="2024-04-20T23:30:22 IST" name="authTest" finished-at="2024-04-20T23:30:24 IST" duration-ms="1838" status="PASS">
          <reporter-output>
          </reporter-output>
        </test-method> <!-- authTest -->
      </class> <!-- RabiulUzzaman1.restassuredone.basicAuth -->
    </test> <!-- Default test -->
  </suite> <!-- Default suite -->
</testng-results>
